-------------------------------------------------------------------------------
Test set: QuadcopterSystemTest
-------------------------------------------------------------------------------
Tests run: 14, Failures: 1, Errors: 0, Skipped: 0, Time elapsed: 0.114 s <<< FAILURE! - in QuadcopterSystemTest
testYawControl  Time elapsed: 0.014 s  <<< FAILURE!
org.opentest4j.AssertionFailedError: Motor 1 RPM should decrease by TARGET_YAW_RPM for left yaw. ==> expected: <500> but was: <501>
	at QuadcopterSystemTest.testYawControl(test.java:138)

