<?xml version="1.0" encoding="UTF-8"?>
<testsuite xmlns:xsi="http://www.w3.org/2001/XMLSchema-instance" xsi:noNamespaceSchemaLocation="https://maven.apache.org/surefire/maven-surefire-plugin/xsd/surefire-test-report.xsd" name="QuadcopterSystemTest" time="0.093" tests="14" errors="11" skipped="0" failures="1">
  <properties>
[...]
</properties>
  <testcase name="testBatteryLowWarning" classname="QuadcopterSystemTest" time="0.043">
    <error message="System not started" type="java.lang.IllegalStateException">java.lang.IllegalStateException: System not started
	at QuadcopterSystemTest.testBatteryLowWarning(test.java:71)
</error>
  </testcase>
  <testcase name="testSignalLost" classname="QuadcopterSystemTest" time="0">
    <error message="System not started" type="java.lang.IllegalStateException">java.lang.IllegalStateException: System not started
	at QuadcopterSystemTest.testSignalLost(test.java:149)
</error>
  </testcase>
  <testcase name="testSetRPMOutOfRange" classname="QuadcopterSystemTest" time="0.001">
    <error message="System not started" type="java.lang.IllegalStateException">java.lang.IllegalStateException: System not started
	at QuadcopterSystemTest.testSetRPMOutOfRange(test.java:55)
</error>
  </testcase>
  <testcase name="testSetAllRPMsOutOfRange" classname="QuadcopterSystemTest" time="0.002">
    <error message="System not started" type="java.lang.IllegalStateException">java.lang.IllegalStateException: System not started
	at QuadcopterSystemTest.testSetAllRPMsOutOfRange(test.java:63)
</error>
  </testcase>
  <testcase name="testBaseMovement" classname="QuadcopterSystemTest" time="0.001">
    <error message="System not started" type="java.lang.IllegalStateException">java.lang.IllegalStateException: System not started
	at QuadcopterSystemTest.testBaseMovement(test.java:119)
</error>
  </testcase>
  <testcase name="testNegativeTelemetryValues" classname="QuadcopterSystemTest" time="0.001">
    <error message="System not started" type="java.lang.IllegalStateException">java.lang.IllegalStateException: System not started
	at QuadcopterSystemTest.testNegativeTelemetryValues(test.java:91)
</error>
  </testcase>
  <testcase name="testInitializeSystemAtAltitude" classname="QuadcopterSystemTest" time="0.005"/>
  <testcase name="testInitializeSystem" classname="QuadcopterSystemTest" time="0.006">
    <failure message="Unexpected exception thrown: java.lang.IllegalStateException: System not started" type="org.opentest4j.AssertionFailedError">org.opentest4j.AssertionFailedError: Unexpected exception thrown: java.lang.IllegalStateException: System not started
	at QuadcopterSystemTest.testInitializeSystem(test.java:22)
Caused by: java.lang.IllegalStateException: System not started
	at QuadcopterSystemTest.lambda$testInitializeSystem$0(test.java:22)
	at QuadcopterSystemTest.testInitializeSystem(test.java:22)
</failure>
  </testcase>
  <testcase name="testOutOfRangeWarning" classname="QuadcopterSystemTest" time="0.002">
    <error message="System not started" type="java.lang.IllegalStateException">java.lang.IllegalStateException: System not started
	at QuadcopterSystemTest.testOutOfRangeWarning(test.java:81)
</error>
  </testcase>
  <testcase name="testInitializeSystemAtLowBattery" classname="QuadcopterSystemTest" time="0.001"/>
  <testcase name="testThrottleControl" classname="QuadcopterSystemTest" time="0.001">
    <error message="System not started" type="java.lang.IllegalStateException">java.lang.IllegalStateException: System not started
	at QuadcopterSystemTest.testThrottleControl(test.java:104)
</error>
  </testcase>
  <testcase name="testBatteryDead" classname="QuadcopterSystemTest" time="0.002">
    <error message="System not started" type="java.lang.IllegalStateException">java.lang.IllegalStateException: System not started
	at QuadcopterSystemTest.testBatteryDead(test.java:163)
</error>
  </testcase>
  <testcase name="testYawControl" classname="QuadcopterSystemTest" time="0">
    <error message="System not started" type="java.lang.IllegalStateException">java.lang.IllegalStateException: System not started
	at QuadcopterSystemTest.testYawControl(test.java:134)
</error>
  </testcase>
  <testcase name="testInitializeSystemAlreadyStarted" classname="QuadcopterSystemTest" time="0.002">
    <error message="System not started" type="java.lang.IllegalStateException">java.lang.IllegalStateException: System not started
	at QuadcopterSystemTest.testInitializeSystemAlreadyStarted(test.java:31)
</error>
  </testcase>
</testsuite>