<?xml version="1.0" encoding="UTF-8"?>
<testsuite xmlns:xsi="http://www.w3.org/2001/XMLSchema-instance" xsi:noNamespaceSchemaLocation="https://maven.apache.org/surefire/maven-surefire-plugin/xsd/surefire-test-report.xsd" name="QuadcopterSystemTest" time="0.114" tests="14" errors="0" skipped="0" failures="1">
  <properties>
[...]
</properties>
  <testcase name="testBatteryLowWarning" classname="QuadcopterSystemTest" time="0.041"/>
  <testcase name="testSignalLost" classname="QuadcopterSystemTest" time="0.003"/>
  <testcase name="testSetRPMOutOfRange" classname="QuadcopterSystemTest" time="0.003"/>
  <testcase name="testSetAllRPMsOutOfRange" classname="QuadcopterSystemTest" time="0.002"/>
  <testcase name="testBaseMovement" classname="QuadcopterSystemTest" time="0.002"/>
  <testcase name="testNegativeTelemetryValues" classname="QuadcopterSystemTest" time="0.002"/>
  <testcase name="testInitializeSystemAtAltitude" classname="QuadcopterSystemTest" time="0.001"/>
  <testcase name="testInitializeSystem" classname="QuadcopterSystemTest" time="0.005"/>
  <testcase name="testOutOfRangeWarning" classname="QuadcopterSystemTest" time="0.001"/>
  <testcase name="testInitializeSystemAtLowBattery" classname="QuadcopterSystemTest" time="0.001"/>
  <testcase name="testThrottleControl" classname="QuadcopterSystemTest" time="0.001"/>
  <testcase name="testBatteryDead" classname="QuadcopterSystemTest" time="0.001"/>
  <testcase name="testYawControl" classname="QuadcopterSystemTest" time="0.014">
    <failure message="Motor 1 RPM should decrease by TARGET_YAW_RPM for left yaw. ==&gt; expected: &lt;500&gt; but was: &lt;501&gt;" type="org.opentest4j.AssertionFailedError"><![CDATA[org.opentest4j.AssertionFailedError: Motor 1 RPM should decrease by TARGET_YAW_RPM for left yaw. ==> expected: <500> but was: <501>
	at QuadcopterSystemTest.testYawControl(test.java:138)
]]></failure>
  </testcase>
  <testcase name="testInitializeSystemAlreadyStarted" classname="QuadcopterSystemTest" time="0.002"/>
</testsuite>